C:\Program Files\Microsoft Visual Studio\2022\Community\MSBuild\Microsoft\VC\v170\Microsoft.CppBuild.targets(531,5): warning MSB8028: 중간 디렉터리(x64\Debug\)에 다른 프로젝트(LabProject07-9-8.vcxproj)에서 공유하는 파일이 포함되어 있습니다.  이로 인해 잘못된 정리 및 다시 빌드 동작이 수행될 수 있습니다.
  GameFramework.cpp
C:\directX_work\VoteFight\GameFramework.cpp(327,59): warning C4244: '인수': 'int'에서 'float'(으)로 변환하면서 데이터가 손실될 수 있습니다.
C:\directX_work\VoteFight\GameFramework.cpp(327,53): warning C4244: '인수': 'int'에서 'float'(으)로 변환하면서 데이터가 손실될 수 있습니다.
C:\directX_work\VoteFight\GameFramework.cpp(365,59): warning C4244: '인수': 'int'에서 'float'(으)로 변환하면서 데이터가 손실될 수 있습니다.
C:\directX_work\VoteFight\GameFramework.cpp(365,53): warning C4244: '인수': 'int'에서 'float'(으)로 변환하면서 데이터가 손실될 수 있습니다.
  Object.cpp
  Player.cpp
C:\directX_work\VoteFight\Player.cpp(540,91): warning C4305: '인수': 'double'에서 'float'(으)로 잘립니다.
C:\directX_work\VoteFight\Player.cpp(606,94): warning C4244: '인수': 'int'에서 'float'(으)로 변환하면서 데이터가 손실될 수 있습니다.
C:\directX_work\VoteFight\Player.cpp(643,95): warning C4244: '인수': 'int'에서 'float'(으)로 변환하면서 데이터가 손실될 수 있습니다.
C:\directX_work\VoteFight\Player.cpp(697,92): warning C4305: '인수': 'double'에서 'float'(으)로 잘립니다.
  Scene.cpp
  Shader.cpp
C:\directX_work\VoteFight\Shader.cpp(594,4): warning C4996: 'sscanf': This function or variable may be unsafe. Consider using sscanf_s instead. To disable deprecation, use _CRT_SECURE_NO_WARNINGS. See online help for details.
C:\directX_work\VoteFight\Shader.cpp(599,4): warning C4996: 'sscanf': This function or variable may be unsafe. Consider using sscanf_s instead. To disable deprecation, use _CRT_SECURE_NO_WARNINGS. See online help for details.
C:\directX_work\VoteFight\Shader.cpp(604,4): warning C4996: 'sscanf': This function or variable may be unsafe. Consider using sscanf_s instead. To disable deprecation, use _CRT_SECURE_NO_WARNINGS. See online help for details.
  VoteFight.cpp
  코드를 생성하고 있습니다...
  VoteFight.vcxproj -> C:\directX_work\x64\Debug\VoteFight.exe
