  Box.cpp
  Bullet.cpp
  CPlayer.cpp
  DDSTextrueLoader.cpp
  GameScene.cpp
D:\directX_work\VoteFight_new\VoteFight_IOCP\GameScene.cpp(114,64): warning C4267: '=': 'size_t'에서 'int'(으)로 변환하면서 데이터가 손실될 수 있습니다.
  Endpoint.cpp
  Exception.cpp
  Iocp.cpp
  PacketQueue.cpp
  Poll.cpp
  Socket.cpp
  SocketInit.cpp
  Item.cpp
  Monster.cpp
  NPC.cpp
  Object.cpp
  RemoteClient.cpp
  State.cpp
D:\directX_work\VoteFight_new\VoteFight_IOCP\State.cpp(15,56): warning C4305: '인수': 'double'에서 'float'(으)로 잘립니다.
D:\directX_work\VoteFight_new\VoteFight_IOCP\State.cpp(15,49): warning C4305: '인수': 'double'에서 'float'(으)로 잘립니다.
D:\directX_work\VoteFight_new\VoteFight_IOCP\State.cpp(94,62): warning C4244: '인수': 'double'에서 'float'(으)로 변환하면서 데이터가 손실될 수 있습니다.
D:\directX_work\VoteFight_new\VoteFight_IOCP\State.cpp(216,13): warning C4244: '초기화 중': 'int'에서 'float'(으)로 변환하면서 데이터가 손실될 수 있습니다.
D:\directX_work\VoteFight_new\VoteFight_IOCP\State.cpp(245,61): warning C4244: '인수': 'double'에서 'float'(으)로 변환하면서 데이터가 손실될 수 있습니다.
D:\directX_work\VoteFight_new\VoteFight_IOCP\State.cpp(342,61): warning C4244: '인수': 'double'에서 'float'(으)로 변환하면서 데이터가 손실될 수 있습니다.
D:\directX_work\VoteFight_new\VoteFight_IOCP\State.cpp(456,39): warning C4244: '=': 'unsigned __int64'에서 'unsigned int'(으)로 변환하면서 데이터가 손실될 수 있습니다.
D:\directX_work\VoteFight_new\VoteFight_IOCP\State.cpp(497,41): warning C4244: '=': 'unsigned __int64'에서 'unsigned int'(으)로 변환하면서 데이터가 손실될 수 있습니다.
D:\directX_work\VoteFight_new\VoteFight_IOCP\State.cpp(512,41): warning C4244: '=': 'unsigned __int64'에서 'unsigned int'(으)로 변환하면서 데이터가 손실될 수 있습니다.
D:\directX_work\VoteFight_new\VoteFight_IOCP\State.cpp(522,68): warning C4244: '=': 'unsigned __int64'에서 'unsigned int'(으)로 변환하면서 데이터가 손실될 수 있습니다.
  StateMachine.cpp
  Timer.cpp
D:\directX_work\VoteFight_new\VoteFight_IOCP\Timer.cpp(49,65): warning C4244: '인수': 'double'에서 'float'(으)로 변환하면서 데이터가 손실될 수 있습니다.
D:\directX_work\VoteFight_new\VoteFight_IOCP\Timer.cpp(135,40): warning C4244: '=': 'unsigned __int64'에서 'unsigned int'(으)로 변환하면서 데이터가 손실될 수 있습니다.
D:\directX_work\VoteFight_new\VoteFight_IOCP\Timer.cpp(150,41): warning C4244: '=': 'unsigned __int64'에서 'unsigned int'(으)로 변환하면서 데이터가 손실될 수 있습니다.
D:\directX_work\VoteFight_new\VoteFight_IOCP\Timer.cpp(164,43): warning C4244: '=': 'unsigned __int64'에서 'unsigned int'(으)로 변환하면서 데이터가 손실될 수 있습니다.
D:\directX_work\VoteFight_new\VoteFight_IOCP\Timer.cpp(215,39): warning C4244: '=': 'unsigned __int64'에서 'unsigned int'(으)로 변환하면서 데이터가 손실될 수 있습니다.
D:\directX_work\VoteFight_new\VoteFight_IOCP\Timer.cpp(231,42): warning C4244: '=': 'unsigned __int64'에서 'unsigned int'(으)로 변환하면서 데이터가 손실될 수 있습니다.
D:\directX_work\VoteFight_new\VoteFight_IOCP\Timer.cpp(246,40): warning C4244: '=': 'unsigned __int64'에서 'unsigned int'(으)로 변환하면서 데이터가 손실될 수 있습니다.
D:\directX_work\VoteFight_new\VoteFight_IOCP\Timer.cpp(255,67): warning C4244: '=': 'unsigned __int64'에서 'unsigned int'(으)로 변환하면서 데이터가 손실될 수 있습니다.
D:\directX_work\VoteFight_new\VoteFight_IOCP\Timer.cpp(286,39): warning C4244: '=': 'unsigned __int64'에서 'unsigned int'(으)로 변환하면서 데이터가 손실될 수 있습니다.
  컴파일하고 있습니다...
  func.cpp
  pch.cpp
  udt.cpp
  main.cpp
D:\directX_work\VoteFight_new\VoteFight_IOCP\main.cpp(96,70): warning C4244: '인수': 'unsigned __int64'에서 'const int'(으)로 변환하면서 데이터가 손실될 수 있습니다.
D:\directX_work\VoteFight_new\VoteFight_IOCP\main.cpp(102,40): warning C4244: '=': 'unsigned __int64'에서 'unsigned int'(으)로 변환하면서 데이터가 손실될 수 있습니다.
D:\directX_work\VoteFight_new\VoteFight_IOCP\main.cpp(333,29): warning C4244: '=': 'unsigned __int64'에서 'unsigned int'(으)로 변환하면서 데이터가 손실될 수 있습니다.
D:\directX_work\VoteFight_new\VoteFight_IOCP\main.cpp(345,32): warning C4244: '=': 'unsigned __int64'에서 'unsigned int'(으)로 변환하면서 데이터가 손실될 수 있습니다.
D:\directX_work\VoteFight_new\VoteFight_IOCP\main.cpp(401,30): warning C4244: '=': 'unsigned __int64'에서 'unsigned int'(으)로 변환하면서 데이터가 손실될 수 있습니다.
D:\directX_work\VoteFight_new\VoteFight_IOCP\main.cpp(417,29): warning C4244: '=': 'unsigned __int64'에서 'unsigned int'(으)로 변환하면서 데이터가 손실될 수 있습니다.
D:\directX_work\VoteFight_new\VoteFight_IOCP\main.cpp(542,29): warning C4244: '=': 'unsigned __int64'에서 'unsigned int'(으)로 변환하면서 데이터가 손실될 수 있습니다.
D:\directX_work\VoteFight_new\VoteFight_IOCP\main.cpp(569,29): warning C4244: '=': 'unsigned __int64'에서 'unsigned int'(으)로 변환하면서 데이터가 손실될 수 있습니다.
D:\directX_work\VoteFight_new\VoteFight_IOCP\main.cpp(603,60): warning C4244: '인수': 'unsigned __int64'에서 'int'(으)로 변환하면서 데이터가 손실될 수 있습니다.
D:\directX_work\VoteFight_new\VoteFight_IOCP\main.cpp(613,34): warning C4244: '=': 'unsigned __int64'에서 'unsigned int'(으)로 변환하면서 데이터가 손실될 수 있습니다.
D:\directX_work\VoteFight_new\VoteFight_IOCP\main.cpp(719,33): warning C4244: '=': 'unsigned __int64'에서 'unsigned int'(으)로 변환하면서 데이터가 손실될 수 있습니다.
D:\directX_work\VoteFight_new\VoteFight_IOCP\main.cpp(747,23): warning C4838: 'unsigned __int64'에서 'UINT'(으)로의 변환에는 축소 변환이 필요합니다.
D:\directX_work\VoteFight_new\VoteFight_IOCP\main.cpp(747,23): warning C4244: '초기화 중': 'unsigned __int64'에서 'UINT'(으)로 변환하면서 데이터가 손실될 수 있습니다.
D:\directX_work\VoteFight_new\VoteFight_IOCP\main.cpp(895,37): warning C4244: '=': 'unsigned __int64'에서 'unsigned int'(으)로 변환하면서 데이터가 손실될 수 있습니다.
D:\directX_work\VoteFight_new\VoteFight_IOCP\main.cpp(908,40): warning C4244: '=': 'unsigned __int64'에서 'unsigned int'(으)로 변환하면서 데이터가 손실될 수 있습니다.
D:\directX_work\VoteFight_new\VoteFight_IOCP\main.cpp(917,65): warning C4244: '=': 'unsigned __int64'에서 'unsigned int'(으)로 변환하면서 데이터가 손실될 수 있습니다.
D:\directX_work\VoteFight_new\VoteFight_IOCP\main.cpp(923,38): warning C4244: '=': 'unsigned __int64'에서 'unsigned int'(으)로 변환하면서 데이터가 손실될 수 있습니다.
D:\directX_work\VoteFight_new\VoteFight_IOCP\main.cpp(933,65): warning C4244: '=': 'unsigned __int64'에서 'unsigned int'(으)로 변환하면서 데이터가 손실될 수 있습니다.
D:\directX_work\VoteFight_new\VoteFight_IOCP\main.cpp(944,30): warning C4244: '=': 'unsigned __int64'에서 'int'(으)로 변환하면서 데이터가 손실될 수 있습니다.
D:\directX_work\VoteFight_new\VoteFight_IOCP\main.cpp(954,15): warning C4244: '초기화 중': '__int64'에서 'int'(으)로 변환하면서 데이터가 손실될 수 있습니다.
D:\directX_work\VoteFight_new\VoteFight_IOCP\main.cpp(960,30): warning C4244: '=': 'unsigned __int64'에서 'unsigned int'(으)로 변환하면서 데이터가 손실될 수 있습니다.
D:\directX_work\VoteFight_new\VoteFight_IOCP\main.cpp(980,30): warning C4244: '=': 'unsigned __int64'에서 'unsigned int'(으)로 변환하면서 데이터가 손실될 수 있습니다.
D:\directX_work\VoteFight_new\VoteFight_IOCP\main.cpp(995,15): warning C4244: '초기화 중': '__int64'에서 'int'(으)로 변환하면서 데이터가 손실될 수 있습니다.
D:\directX_work\VoteFight_new\VoteFight_IOCP\main.cpp(1024,31): warning C4244: '=': 'unsigned __int64'에서 'unsigned int'(으)로 변환하면서 데이터가 손실될 수 있습니다.
D:\directX_work\VoteFight_new\VoteFight_IOCP\main.cpp(1045,29): warning C4244: '=': 'unsigned __int64'에서 'unsigned int'(으)로 변환하면서 데이터가 손실될 수 있습니다.
D:\directX_work\VoteFight_new\VoteFight_IOCP\main.cpp(1081,30): warning C4244: '=': 'unsigned __int64'에서 'unsigned int'(으)로 변환하면서 데이터가 손실될 수 있습니다.
D:\directX_work\VoteFight_new\VoteFight_IOCP\main.cpp(1100,29): warning C4244: '=': 'unsigned __int64'에서 'unsigned int'(으)로 변환하면서 데이터가 손실될 수 있습니다.
D:\directX_work\VoteFight_new\VoteFight_IOCP\main.cpp(1112,25): warning C4838: 'unsigned __int64'에서 'UINT'(으)로의 변환에는 축소 변환이 필요합니다.
D:\directX_work\VoteFight_new\VoteFight_IOCP\main.cpp(1112,25): warning C4244: '초기화 중': 'unsigned __int64'에서 'UINT'(으)로 변환하면서 데이터가 손실될 수 있습니다.
D:\directX_work\VoteFight_new\VoteFight_IOCP\main.cpp(1143,32): warning C4244: '=': 'unsigned __int64'에서 'unsigned int'(으)로 변환하면서 데이터가 손실될 수 있습니다.
D:\directX_work\VoteFight_new\VoteFight_IOCP\main.cpp(1167,29): warning C4244: '=': 'unsigned __int64'에서 'unsigned int'(으)로 변환하면서 데이터가 손실될 수 있습니다.
D:\directX_work\VoteFight_new\VoteFight_IOCP\main.cpp(1176,26): warning C4838: 'unsigned __int64'에서 'UINT'(으)로의 변환에는 축소 변환이 필요합니다.
D:\directX_work\VoteFight_new\VoteFight_IOCP\main.cpp(1176,26): warning C4244: '초기화 중': 'unsigned __int64'에서 'UINT'(으)로 변환하면서 데이터가 손실될 수 있습니다.
  코드를 생성하고 있습니다.
  Previous IPDB was built with incompatible compiler, fall back to full compilation.
  All 1811 functions were compiled because no usable IPDB/IOBJ from previous compilation was found.
  코드를 생성했습니다.
  VoteFight_IOCP.vcxproj -> D:\directX_work\VoteFight_new\Release\VoteFight_IOCP.exe
