  main.cpp
C:\directX_work\VoteFight_new\VoteFight_IOCP\main.cpp(97,40): warning C4244: '=': 'unsigned __int64'에서 'unsigned int'(으)로 변환하면서 데이터가 손실될 수 있습니다.
C:\directX_work\VoteFight_new\VoteFight_IOCP\main.cpp(279,29): warning C4244: '=': 'unsigned __int64'에서 'unsigned int'(으)로 변환하면서 데이터가 손실될 수 있습니다.
C:\directX_work\VoteFight_new\VoteFight_IOCP\main.cpp(290,32): warning C4244: '=': 'unsigned __int64'에서 'unsigned int'(으)로 변환하면서 데이터가 손실될 수 있습니다.
C:\directX_work\VoteFight_new\VoteFight_IOCP\main.cpp(318,30): warning C4244: '=': 'unsigned __int64'에서 'unsigned int'(으)로 변환하면서 데이터가 손실될 수 있습니다.
C:\directX_work\VoteFight_new\VoteFight_IOCP\main.cpp(336,29): warning C4244: '=': 'unsigned __int64'에서 'unsigned int'(으)로 변환하면서 데이터가 손실될 수 있습니다.
C:\directX_work\VoteFight_new\VoteFight_IOCP\main.cpp(423,29): warning C4244: '=': 'unsigned __int64'에서 'unsigned int'(으)로 변환하면서 데이터가 손실될 수 있습니다.
C:\directX_work\VoteFight_new\VoteFight_IOCP\main.cpp(451,29): warning C4244: '=': 'unsigned __int64'에서 'unsigned int'(으)로 변환하면서 데이터가 손실될 수 있습니다.
C:\directX_work\VoteFight_new\VoteFight_IOCP\main.cpp(484,60): warning C4244: '인수': 'unsigned __int64'에서 'int'(으)로 변환하면서 데이터가 손실될 수 있습니다.
C:\directX_work\VoteFight_new\VoteFight_IOCP\main.cpp(493,34): warning C4244: '=': 'unsigned __int64'에서 'unsigned int'(으)로 변환하면서 데이터가 손실될 수 있습니다.
C:\directX_work\VoteFight_new\VoteFight_IOCP\main.cpp(605,30): warning C4244: '=': 'unsigned __int64'에서 'unsigned int'(으)로 변환하면서 데이터가 손실될 수 있습니다.
C:\directX_work\VoteFight_new\VoteFight_IOCP\main.cpp(612,26): warning C4244: '=': 'unsigned __int64'에서 'UINT'(으)로 변환하면서 데이터가 손실될 수 있습니다.
C:\directX_work\VoteFight_new\VoteFight_IOCP\main.cpp(728,22): warning C4312: '형식 캐스트': 'int'에서 더 큰 'RemoteClient *'(으)로의 변환입니다.
C:\directX_work\VoteFight_new\VoteFight_IOCP\main.cpp(728,151): warning C4838: 'int'에서 'UINT'(으)로의 변환에는 축소 변환이 필요합니다.
C:\directX_work\VoteFight_new\VoteFight_IOCP\main.cpp(771,37): warning C4244: '=': 'unsigned __int64'에서 'unsigned int'(으)로 변환하면서 데이터가 손실될 수 있습니다.
C:\directX_work\VoteFight_new\VoteFight_IOCP\main.cpp(790,30): warning C4244: '=': 'unsigned __int64'에서 'int'(으)로 변환하면서 데이터가 손실될 수 있습니다.
C:\directX_work\VoteFight_new\VoteFight_IOCP\main.cpp(813,30): warning C4244: '=': 'unsigned __int64'에서 'unsigned int'(으)로 변환하면서 데이터가 손실될 수 있습니다.
C:\directX_work\VoteFight_new\VoteFight_IOCP\main.cpp(863,29): warning C4244: '=': 'unsigned __int64'에서 'unsigned int'(으)로 변환하면서 데이터가 손실될 수 있습니다.
  Monster.cpp
  NPC.cpp
  코드를 생성하고 있습니다...
  VoteFight_IOCP.vcxproj -> C:\directX_work\VoteFight_new\x64\Debug\VoteFight_IOCP.exe
