c:\directx_work\votefight_new\votefight_iocp\x64\debug\vc143.pdb
c:\directx_work\votefight_new\votefight_iocp\x64\debug\vc143.idb
c:\directx_work\votefight_new\votefight_iocp\x64\debug\udt.obj
c:\directx_work\votefight_new\votefight_iocp\x64\debug\pch.obj
c:\directx_work\votefight_new\votefight_iocp\x64\debug\main.obj
c:\directx_work\votefight_new\votefight_iocp\x64\debug\socketinit.obj
c:\directx_work\votefight_new\votefight_iocp\x64\debug\socket.obj
c:\directx_work\votefight_new\votefight_iocp\x64\debug\poll.obj
c:\directx_work\votefight_new\votefight_iocp\x64\debug\packetqueue.obj
c:\directx_work\votefight_new\votefight_iocp\x64\debug\iocp.obj
c:\directx_work\votefight_new\votefight_iocp\x64\debug\exception.obj
c:\directx_work\votefight_new\votefight_iocp\x64\debug\endpoint.obj
c:\directx_work\votefight_new\votefight_iocp\x64\debug\func.obj
c:\directx_work\votefight_new\votefight_iocp\x64\debug\ddstextrueloader.obj
c:\directx_work\votefight_new\votefight_iocp\x64\debug\remoteclient.obj
c:\github\directx_work\votefight_new\votefight_iocp\x64\debug\vc143.pdb
c:\github\directx_work\votefight_new\votefight_iocp\x64\debug\vc143.idb
c:\github\directx_work\votefight_new\votefight_iocp\x64\debug\udt.obj
c:\github\directx_work\votefight_new\votefight_iocp\x64\debug\remoteclient.obj
c:\github\directx_work\votefight_new\votefight_iocp\x64\debug\pch.obj
c:\github\directx_work\votefight_new\votefight_iocp\x64\debug\main.obj
c:\github\directx_work\votefight_new\votefight_iocp\x64\debug\socketinit.obj
c:\github\directx_work\votefight_new\votefight_iocp\x64\debug\socket.obj
c:\github\directx_work\votefight_new\votefight_iocp\x64\debug\poll.obj
c:\github\directx_work\votefight_new\votefight_iocp\x64\debug\packetqueue.obj
c:\github\directx_work\votefight_new\votefight_iocp\x64\debug\iocp.obj
c:\github\directx_work\votefight_new\votefight_iocp\x64\debug\exception.obj
c:\github\directx_work\votefight_new\votefight_iocp\x64\debug\endpoint.obj
c:\github\directx_work\votefight_new\votefight_iocp\x64\debug\func.obj
c:\github\directx_work\votefight_new\votefight_iocp\x64\debug\ddstextrueloader.obj
c:\directx_work\votefight_new\x64\debug\votefight_iocp.exe
c:\directx_work\votefight_new\votefight_iocp\x64\debug\votefight_iocp.ilk
c:\directx_work\votefight_new\x64\debug\votefight_iocp.pdb
c:\github\directx_work\votefight_new\x64\debug\votefight_iocp.pdb
c:\github\directx_work\votefight_new\votefight_iocp\x64\debug\votefight_iocp.tlog\cl.command.1.tlog
c:\github\directx_work\votefight_new\votefight_iocp\x64\debug\votefight_iocp.tlog\cl.items.tlog
c:\github\directx_work\votefight_new\votefight_iocp\x64\debug\votefight_iocp.tlog\cl.read.1.tlog
c:\github\directx_work\votefight_new\votefight_iocp\x64\debug\votefight_iocp.tlog\cl.write.1.tlog
c:\github\directx_work\votefight_new\votefight_iocp\x64\debug\votefight_iocp.tlog\link-cvtres.read.1.tlog
c:\github\directx_work\votefight_new\votefight_iocp\x64\debug\votefight_iocp.tlog\link-cvtres.write.1.tlog
c:\github\directx_work\votefight_new\votefight_iocp\x64\debug\votefight_iocp.tlog\link-rc.read.1.tlog
c:\github\directx_work\votefight_new\votefight_iocp\x64\debug\votefight_iocp.tlog\link-rc.write.1.tlog
c:\github\directx_work\votefight_new\votefight_iocp\x64\debug\votefight_iocp.tlog\link.command.1.tlog
c:\github\directx_work\votefight_new\votefight_iocp\x64\debug\votefight_iocp.tlog\link.read.1.tlog
c:\github\directx_work\votefight_new\votefight_iocp\x64\debug\votefight_iocp.tlog\link.read.2.tlog
c:\github\directx_work\votefight_new\votefight_iocp\x64\debug\votefight_iocp.tlog\link.write.1.tlog
